  webka.cpp
C:\Program Files\Microsoft Visual Studio\2022\Community\VC\Tools\MSVC\14.42.34433\include\filesystem(12): warning STL4038: The contents of <filesystem> are available only with C++17 or later.
D:\programovani\webka\webka\webka.cpp(18,15): error C3083: filesystem: Symbol nalevo od operátoru :: musí být typ.
D:\programovani\webka\webka\webka.cpp(18,27): error C2039: exists není členem: std.
      C:\Program Files\Microsoft Visual Studio\2022\Community\VC\Tools\MSVC\14.42.34433\include\queue(32,1):
      viz deklarace: std
  
D:\programovani\webka\webka\webka.cpp(18,27): error C3861: exists: identifikátor se nenašel
D:\programovani\webka\webka\webka.cpp(20,14): error C3083: filesystem: Symbol nalevo od operátoru :: musí být typ.
D:\programovani\webka\webka\webka.cpp(20,26): error C2039: create_directories není členem: std.
      C:\Program Files\Microsoft Visual Studio\2022\Community\VC\Tools\MSVC\14.42.34433\include\queue(32,1):
      viz deklarace: std
  
D:\programovani\webka\webka\webka.cpp(20,26): error C3861: create_directories: identifikátor se nenašel
D:\programovani\webka\webka\webka.cpp(71,25): warning C4244: inicializování: _Rep se převádí na int; může dojít ke ztrátě dat.
D:\programovani\webka\webka\webka.cpp(71,25): warning C4244:         with
D:\programovani\webka\webka\webka.cpp(71,25): warning C4244:         [
D:\programovani\webka\webka\webka.cpp(71,25): warning C4244:             _Rep=__int64
D:\programovani\webka\webka\webka.cpp(71,25): warning C4244:         ]
D:\programovani\webka\webka\webka.cpp(121,31): error C3083: filesystem: Symbol nalevo od operátoru :: musí být typ.
D:\programovani\webka\webka\webka.cpp(121,43): error C2039: exists není členem: std.
      C:\Program Files\Microsoft Visual Studio\2022\Community\VC\Tools\MSVC\14.42.34433\include\queue(32,1):
      viz deklarace: std
  
D:\programovani\webka\webka\webka.cpp(121,43): error C3861: exists: identifikátor se nenašel
